<?xml version="1.0" encoding="UTF-8"?>
<testsuite xmlns:xsi="http://www.w3.org/2001/XMLSchema-instance" xsi:noNamespaceSchemaLocation="https://maven.apache.org/surefire/maven-surefire-plugin/xsd/surefire-test-report-3.0.xsd" version="3.0" name="docinc.service.PrintRequestServiceTest" time="1.374" tests="3" errors="0" skipped="0" failures="0">
  <properties>
[...]
</properties>
  <testcase name="paperlessUserCannotRequestPrint" classname="docinc.service.PrintRequestServiceTest" time="0.031"/>
  <testcase name="paymentFailureStopsRequest" classname="docinc.service.PrintRequestServiceTest" time="1.249"/>
  <testcase name="paymentSuccessCreatesPrintRequestAndSendsNotification" classname="docinc.service.PrintRequestServiceTest" time="0.059"/>
</testsuite>